<?xml version="1.0" encoding="UTF-8"?>
<!-- Generated by org.testng.reporters.JUnitReportReporter -->
<testsuite hostname="MUM01TL00227" failures="0" tests="1" name="com.banking.testcases.TC_AddCustomerTest_003" time="14.084" errors="0" timestamp="2021-02-28T03:32:25 IST" skipped="0">
  <testcase classname="com.banking.testcases.TC_AddCustomerTest_003" name="addNewCustomer" time="14.084"/>
  <system-out/>
</testsuite> <!-- com.banking.testcases.TC_AddCustomerTest_003 -->
