<?xml version="1.0" encoding="UTF-8"?>
<!-- Generated by org.testng.reporters.JUnitReportReporter -->
<testsuite hostname="MUM01TL00227" failures="0" tests="1" name="com.banking.testcases.TC_LoginTest_001" time="4.672" errors="0" timestamp="2021-03-02T23:30:20 IST" skipped="0">
  <testcase classname="com.banking.testcases.TC_LoginTest_001" name="loginTest" time="4.672"/>
  <system-out/>
</testsuite> <!-- com.banking.testcases.TC_LoginTest_001 -->
